<?xml version="1.0" encoding="UTF-8"?>
<testng-results ignored="0" total="2" passed="2" failed="0" skipped="0">
  <reporter-output>
  </reporter-output>
  <suite started-at="2025-04-12T15:50:37 IST" name="Default suite" finished-at="2025-04-12T15:51:26 IST" duration-ms="49826">
    <groups>
    </groups>
    <test started-at="2025-04-12T15:50:37 IST" name="Default test" finished-at="2025-04-12T15:51:26 IST" duration-ms="49826">
      <class name="testes.loginTest">
        <test-method is-config="true" signature="urlLoader()[pri:0, instance:testes.loginTest@4b6690c0]" started-at="2025-04-12T15:50:37 IST" name="urlLoader" finished-at="2025-04-12T15:51:01 IST" duration-ms="24485" status="PASS">
          <reporter-output>
          </reporter-output>
        </test-method> <!-- urlLoader -->
        <test-method signature="enterInvalidUserDetails()[pri:0, instance:testes.loginTest@4b6690c0]" started-at="2025-04-12T15:51:01 IST" name="enterInvalidUserDetails" finished-at="2025-04-12T15:51:02 IST" duration-ms="627" status="PASS">
          <reporter-output>
          </reporter-output>
        </test-method> <!-- enterInvalidUserDetails -->
        <test-method is-config="true" signature="closeBrowser()[pri:0, instance:testes.loginTest@4b6690c0]" started-at="2025-04-12T15:51:02 IST" name="closeBrowser" finished-at="2025-04-12T15:51:02 IST" duration-ms="496" status="PASS">
          <reporter-output>
          </reporter-output>
        </test-method> <!-- closeBrowser -->
        <test-method is-config="true" signature="urlLoader()[pri:0, instance:testes.loginTest@4b6690c0]" started-at="2025-04-12T15:51:02 IST" name="urlLoader" finished-at="2025-04-12T15:51:25 IST" duration-ms="23024" status="PASS">
          <reporter-output>
          </reporter-output>
        </test-method> <!-- urlLoader -->
        <test-method signature="enterUserDetails()[pri:0, instance:testes.loginTest@4b6690c0]" started-at="2025-04-12T15:51:25 IST" name="enterUserDetails" finished-at="2025-04-12T15:51:26 IST" duration-ms="556" status="PASS">
          <reporter-output>
          </reporter-output>
        </test-method> <!-- enterUserDetails -->
        <test-method is-config="true" signature="closeBrowser()[pri:0, instance:testes.loginTest@4b6690c0]" started-at="2025-04-12T15:51:26 IST" name="closeBrowser" finished-at="2025-04-12T15:51:26 IST" duration-ms="416" status="PASS">
          <reporter-output>
          </reporter-output>
        </test-method> <!-- closeBrowser -->
      </class> <!-- testes.loginTest -->
    </test> <!-- Default test -->
  </suite> <!-- Default suite -->
</testng-results>
